<?xml version="1.0" encoding="UTF-8"?>
<!-- Generated by org.testng.reporters.JUnitReportReporter -->
<testsuite hostname="Layan" failures="0" tests="3" name="databasetesting.databasetesting" time="0.842" errors="0" timestamp="2025-05-26T13:59:11 EET" skipped="2">
  <testcase classname="databasetesting.databasetesting" name="ReadCustomer" time="0.842"/>
  <testcase classname="databasetesting.databasetesting" name="UpdateCustomer">
    <skipped/>
  </testcase> <!-- UpdateCustomer -->
  <testcase classname="databasetesting.databasetesting" name="AddNewCustomer">
    <skipped/>
  </testcase> <!-- AddNewCustomer -->
</testsuite> <!-- databasetesting.databasetesting -->
