<?xml version="1.0" encoding="UTF-8"?>
<!-- Generated by org.testng.reporters.JUnitReportReporter -->
<testsuite hostname="Layan" failures="0" tests="3" name="track2.track2" time="0.214" errors="0" timestamp="2025-04-29T17:30:31 EET" skipped="2">
  <testcase classname="track2.track2" name="checkbox" time="0.214"/>
  <testcase classname="track2.track2" name="mytest">
    <skipped/>
  </testcase> <!-- mytest -->
  <testcase classname="track2.track2" name="myselector">
    <skipped/>
  </testcase> <!-- myselector -->
</testsuite> <!-- track2.track2 -->
