<?xml version="1.0" encoding="UTF-8"?>
<!-- Generated by org.testng.reporters.JUnitReportReporter -->
<testsuite hostname="Layan" failures="0" tests="7" name="track2.track2" time="0.273" errors="0" timestamp="2025-05-01T15:41:05 EET" skipped="6">
  <testcase classname="track2.track2" name="table" time="0.273"/>
  <testcase classname="track2.track2" name="myselector">
    <skipped/>
  </testcase> <!-- myselector -->
  <testcase classname="track2.track2" name="alratbutton">
    <skipped/>
  </testcase> <!-- alratbutton -->
  <testcase classname="track2.track2" name="checkbox">
    <skipped/>
  </testcase> <!-- checkbox -->
  <testcase classname="track2.track2" name="windowexample">
    <skipped/>
  </testcase> <!-- windowexample -->
  <testcase classname="track2.track2" name="openwindow">
    <skipped/>
  </testcase> <!-- openwindow -->
  <testcase classname="track2.track2" name="mytest">
    <skipped/>
  </testcase> <!-- mytest -->
</testsuite> <!-- track2.track2 -->
