<?xml version="1.0" encoding="UTF-8"?>
<!-- Generated by org.testng.reporters.JUnitReportReporter -->
<testsuite hostname="Layan" failures="0" tests="1" name="Task" time="2.482" errors="0" timestamp="2025-04-27T22:34:35 EET" skipped="0">
  <testcase classname="Task" name="login" time="2.482"/>
</testsuite> <!-- Task -->
