<?xml version="1.0" encoding="UTF-8"?>
<!-- Generated by org.testng.reporters.JUnitReportReporter -->
<testsuite hostname="Layan" failures="0" tests="4" name="track1.track1" time="4.009" errors="0" timestamp="2025-04-27T20:23:17 EET" skipped="1">
  <testcase classname="track1.track1" name="inTest" time="1.410"/>
  <testcase classname="track1.track1" name="addallitem" time="1.130"/>
  <testcase classname="track1.track1" name="removeallitem" time="1.469"/>
  <testcase classname="track1.track1" name="logout">
    <skipped/>
  </testcase> <!-- logout -->
</testsuite> <!-- track1.track1 -->
